<?xml version="1.0" encoding="utf-8"?>
<testsuites name="Abdel classic-shield-at-work chromium" tests="7" failures="0" skipped="0" errors="0" time="141.667">
    <testsuite name="tests\classic-shield-at-work\classic-account-tab.spec.ts" timestamp="2022-07-07T03:24:49.076Z" hostname="" tests="2" failures="0" skipped="0" time="66.745" errors="0" id="0">
        <testcase name="Security page is displayed on the account information page" classname="[chromium] › tests\classic-shield-at-work\classic-account-tab.spec.ts:11:1 › Security page is displayed on the account information page" time="52.152">
            <system-out>
 - accountClassicShieldAtWorkPage.navigateToClassicShieldAtWork
 - accountShieldAtWorkPage.loginWithCredentials
 - accountShieldAtWorkPage.assertSecurityPage
 - accountClassicShieldAtWorkPage.clickViewBtn
 - accountClassicShieldAtWorkPage.clickMenuBtn
 - accountClassicShieldAtWorkPage.clickSecurityBtn

</system-out>
        </testcase>
        <testcase name="Edit Employee button redirects to the correct page to update the number of employees" classname="[chromium] › tests\classic-shield-at-work\classic-account-tab.spec.ts:16:1 › Edit Employee button redirects to the correct page to update the number of employees" time="14.593">
            <system-out>
 - accountClassicShieldAtWorkPage.navigateToClassicShieldAtWork
 - accountShieldAtWorkPage.loginWithCredentials
 - accountShieldAtWorkPage.assertEditEmployeePage
 - accountClassicShieldAtWorkPage.clickViewBtn
 - accountClassicShieldAtWorkPage.clickSecurityBtn

</system-out>
        </testcase>
        <properties>
            <property name="platformName" value="windows 10"/>
            <property name="browserName" value="chromium"/>
        </properties>
    </testsuite>
    <testsuite name="tests\classic-shield-at-work\classic-enrollment-tab.spec.ts" timestamp="2022-07-07T03:24:49.076Z" hostname="" tests="2" failures="0" skipped="0" time="52.21" errors="0" id="1">
        <testcase name="Member list is displayed on the enrollment page" classname="[chromium] › tests\classic-shield-at-work\classic-enrollment-tab.spec.ts:11:1 › Member list is displayed on the enrollment page" time="26.119">
            <system-out>
 - accountClassicShieldAtWorkPage.navigateToClassicShieldAtWork
 - accountShieldAtWorkPage.loginWithCredentials
 - accountShieldAtWorkPage.assertMemberList
 - accountClassicShieldAtWorkPage.clickViewBtn
 - accountClassicShieldAtWorkPage.clickEnrollmentTab

</system-out>
        </testcase>
        <testcase name="Enrollment form is displayed on the enrollment page" classname="[chromium] › tests\classic-shield-at-work\classic-enrollment-tab.spec.ts:16:1 › Enrollment form is displayed on the enrollment page" time="26.091">
            <system-out>
 - accountClassicShieldAtWorkPage.navigateToClassicShieldAtWork
 - accountShieldAtWorkPage.loginWithCredentials
 - accountShieldAtWorkPage.assertMemberEnrollmentForm
 - accountClassicShieldAtWorkPage.clickViewBtn
 - accountClassicShieldAtWorkPage.clickEnrollmentTab
 - accountClassicShieldAtWorkPage.clickEnrollNewMemberBtn

</system-out>
        </testcase>
        <properties>
            <property name="platformName" value="windows 10"/>
            <property name="browserName" value="chromium"/>
        </properties>
    </testsuite>
    <testsuite name="tests\classic-shield-at-work\classic-login.spec.ts" timestamp="2022-07-07T03:24:49.076Z" hostname="" tests="2" failures="0" skipped="0" time="10.143" errors="0" id="2">
        <testcase name="Login with credentials" classname="[chromium] › tests\classic-shield-at-work\classic-login.spec.ts:11:1 › Login with credentials" time="5.636">
            <system-out>
 - accountClassicShieldAtWorkPage.navigateToClassicShieldAtWork
 - accountShieldAtWorkPage.loginWithCredentials

</system-out>
        </testcase>
        <testcase name="Type Form Url is displayed after clicking on Sign Up link" classname="[chromium] › tests\classic-shield-at-work\classic-login.spec.ts:15:1 › Type Form Url is displayed after clicking on Sign Up link" time="4.507">
            <system-out>
 - accountClassicShieldAtWorkPage.navigateToClassicShieldAtWork
 - activateEnterCodePage.assertTypeFormPageUrl
 - accountClassicShieldAtWorkPage.clickReports

</system-out>
        </testcase>
        <properties>
            <property name="platformName" value="windows 10"/>
            <property name="browserName" value="chromium"/>
        </properties>
    </testsuite>
    <testsuite name="tests\classic-shield-at-work\classic-reports-tab.spec.ts" timestamp="2022-07-07T03:24:49.076Z" hostname="" tests="1" failures="0" skipped="0" time="12.569" errors="0" id="3">
        <testcase name="Reports page is displayed, Submit button is enabled" classname="[chromium] › tests\classic-shield-at-work\classic-reports-tab.spec.ts:11:1 › Reports page is displayed, Submit button is enabled" time="12.569">
            <system-out>
 - accountClassicShieldAtWorkPage.navigateToClassicShieldAtWork
 - accountShieldAtWorkPage.loginWithCredentials
 - accountShieldAtWorkPage.assertReportsPage
 - accountClassicShieldAtWorkPage.clickViewBtn
 - accountClassicShieldAtWorkPage.clickReports

</system-out>
        </testcase>
        <properties>
            <property name="platformName" value="windows 10"/>
            <property name="browserName" value="chromium"/>
        </properties>
    </testsuite>
</testsuites>