<?xml version="1.0" encoding="utf-8"?>
<testsuites name="Abdel classic-shield-at-work chromium" tests="7" failures="1" skipped="0" errors="0" time="309.219">
    <testsuite name="tests/classic-shield-at-work/classic-account-tab.spec.ts" timestamp="2022-07-07T18:22:17.101Z" hostname="" tests="2" failures="0" skipped="0" time="105.862" errors="0" id="0">
        <testcase name="Security page is displayed on the account information page" classname="[chromium] › tests/classic-shield-at-work/classic-account-tab.spec.ts:11:1 › Security page is displayed on the account information page" time="72.651">
            <system-out>
 - accountClassicShieldAtWorkPage.navigateToClassicShieldAtWork
 - accountShieldAtWorkPage.loginWithCredentials
 - accountShieldAtWorkPage.assertSecurityPage
 - accountClassicShieldAtWorkPage.clickViewBtn
 - accountClassicShieldAtWorkPage.clickMenuBtn
 - accountClassicShieldAtWorkPage.clickSecurityBtn

</system-out>
        </testcase>
        <testcase name="Edit Employee button redirects to the correct page to update the number of employees" classname="[chromium] › tests/classic-shield-at-work/classic-account-tab.spec.ts:16:1 › Edit Employee button redirects to the correct page to update the number of employees" time="33.211">
            <system-out>
 - accountClassicShieldAtWorkPage.navigateToClassicShieldAtWork
 - accountShieldAtWorkPage.loginWithCredentials
 - accountShieldAtWorkPage.assertEditEmployeePage
 - accountClassicShieldAtWorkPage.clickViewBtn
 - accountClassicShieldAtWorkPage.clickSecurityBtn

</system-out>
        </testcase>
        <properties>
            <property name="platformName" value="macOS 12"/>
            <property name="browserName" value="chromium"/>
        </properties>
    </testsuite>
    <testsuite name="tests/classic-shield-at-work/classic-enrollment-tab.spec.ts" timestamp="2022-07-07T18:22:17.101Z" hostname="" tests="2" failures="0" skipped="0" time="135.286" errors="0" id="1">
        <testcase name="Member list is displayed on the enrollment page" classname="[chromium] › tests/classic-shield-at-work/classic-enrollment-tab.spec.ts:11:1 › Member list is displayed on the enrollment page" time="77.339">
            <system-out>
 - accountClassicShieldAtWorkPage.navigateToClassicShieldAtWork
 - accountShieldAtWorkPage.loginWithCredentials
 - accountShieldAtWorkPage.assertMemberList
 - accountClassicShieldAtWorkPage.clickViewBtn
 - accountClassicShieldAtWorkPage.clickEnrollmentTab

</system-out>
        </testcase>
        <testcase name="Enrollment form is displayed on the enrollment page" classname="[chromium] › tests/classic-shield-at-work/classic-enrollment-tab.spec.ts:16:1 › Enrollment form is displayed on the enrollment page" time="57.947">
            <system-out>
 - accountClassicShieldAtWorkPage.navigateToClassicShieldAtWork
 - accountShieldAtWorkPage.loginWithCredentials
 - accountShieldAtWorkPage.assertMemberEnrollmentForm
 - accountClassicShieldAtWorkPage.clickViewBtn
 - accountClassicShieldAtWorkPage.clickEnrollmentTab
 - accountClassicShieldAtWorkPage.clickEnrollNewMemberBtn

</system-out>
        </testcase>
        <properties>
            <property name="platformName" value="macOS 12"/>
            <property name="browserName" value="chromium"/>
        </properties>
    </testsuite>
    <testsuite name="tests/classic-shield-at-work/classic-login.spec.ts" timestamp="2022-07-07T18:22:17.101Z" hostname="" tests="2" failures="1" skipped="0" time="32.001" errors="0" id="2">
        <testcase name="Login with credentials" classname="[chromium] › tests/classic-shield-at-work/classic-login.spec.ts:11:1 › Login with credentials" time="14.17">
            <system-out>
 - accountClassicShieldAtWorkPage.navigateToClassicShieldAtWork
 - accountShieldAtWorkPage.loginWithCredentials

</system-out>
        </testcase>
        <testcase name="Type Form Url is displayed after clicking on Sign Up link" classname="[chromium] › tests/classic-shield-at-work/classic-login.spec.ts:15:1 › Type Form Url is displayed after clicking on Sign Up link" time="17.831">
            <failure message="classic-login.spec.ts:15:1 Type Form Url is displayed after clicking on Sign Up link" type="FAILURE"><![CDATA[
  [chromium] › tests/classic-shield-at-work/classic-login.spec.ts:15:1 › Type Form Url is displayed after clicking on Sign Up link 

    Error: expect(received).toHaveURL(expected)

    Expected string: "https://legalshield.typeform.com/to/lJtBMp?typeform-source=classic.dev-shieldatwork.com"
    Received string: "https://legalshield.typeform.com/to/lJtBMp"
    Call log:
      - expect.toHaveURL with timeout 5000ms
      - waiting for selector ":root"
      -   selector resolved to <html lang="en">…</html>
      -   unexpected value "https://legalshield.typeform.com/to/lJtBMp"


      14 |
      15 | test('Type Form Url is displayed after clicking on Sign Up link', async ({ page }) => {
    > 16 |   await classicShieldAtWork.assertTypeFormPageUrl();
         |   ^
      17 | });
      18 |

        at ClassicShieldAtWork.assertTypeFormPageUrl (/Volumes/Sauce/saucectl-runners/sauce-playwright-runner/2.9.0/bundle/__project__/page-objects/classic-shield-at-work/classic-login.page.ts:49:29)
        at /Volumes/Sauce/saucectl-runners/sauce-playwright-runner/2.9.0/bundle/__project__/tests/classic-shield-at-work/classic-login.spec.ts:16:3

]]></failure>
            <system-out>
 - accountClassicShieldAtWorkPage.navigateToClassicShieldAtWork
 - activateEnterCodePage.assertTypeFormPageUrl
 - accountClassicShieldAtWorkPage.clickReports

</system-out>
        </testcase>
        <properties>
            <property name="platformName" value="macOS 12"/>
            <property name="browserName" value="chromium"/>
        </properties>
    </testsuite>
    <testsuite name="tests/classic-shield-at-work/classic-reports-tab.spec.ts" timestamp="2022-07-07T18:22:17.101Z" hostname="" tests="1" failures="0" skipped="0" time="36.07" errors="0" id="3">
        <testcase name="Reports page is displayed, Submit button is enabled" classname="[chromium] › tests/classic-shield-at-work/classic-reports-tab.spec.ts:11:1 › Reports page is displayed, Submit button is enabled" time="36.07">
            <system-out>
 - accountClassicShieldAtWorkPage.navigateToClassicShieldAtWork
 - accountShieldAtWorkPage.loginWithCredentials
 - accountShieldAtWorkPage.assertReportsPage
 - accountClassicShieldAtWorkPage.clickViewBtn
 - accountClassicShieldAtWorkPage.clickReports

</system-out>
        </testcase>
        <properties>
            <property name="platformName" value="macOS 12"/>
            <property name="browserName" value="chromium"/>
        </properties>
    </testsuite>
</testsuites>