<?xml version="1.0" encoding="utf-8"?>
<testsuites name="Abdel classic-shield-at-work chromium" tests="7" failures="0" skipped="0" errors="0" time="189.25300000000001">
    <testsuite name="tests/classic-shield-at-work/classic-account-tab.spec.ts" timestamp="2022-07-07T14:29:54.033Z" hostname="" tests="2" failures="0" skipped="0" time="80.708" errors="0" id="0">
        <testcase name="Security page is displayed on the account information page" classname="[webkit] › tests/classic-shield-at-work/classic-account-tab.spec.ts:11:1 › Security page is displayed on the account information page" time="61.353">
            <system-out>
 - accountClassicShieldAtWorkPage.navigateToClassicShieldAtWork
 - accountShieldAtWorkPage.loginWithCredentials
 - accountShieldAtWorkPage.assertSecurityPage
 - accountClassicShieldAtWorkPage.clickViewBtn
 - accountClassicShieldAtWorkPage.clickMenuBtn
 - accountClassicShieldAtWorkPage.clickSecurityBtn

</system-out>
        </testcase>
        <testcase name="Edit Employee button redirects to the correct page to update the number of employees" classname="[webkit] › tests/classic-shield-at-work/classic-account-tab.spec.ts:16:1 › Edit Employee button redirects to the correct page to update the number of employees" time="19.355">
            <system-out>
 - accountClassicShieldAtWorkPage.navigateToClassicShieldAtWork
 - accountShieldAtWorkPage.loginWithCredentials
 - accountShieldAtWorkPage.assertEditEmployeePage
 - accountClassicShieldAtWorkPage.clickViewBtn
 - accountClassicShieldAtWorkPage.clickSecurityBtn

</system-out>
        </testcase>
        <properties>
            <property name="platformName" value="macOS 12"/>
            <property name="browserName" value="webkit"/>
        </properties>
    </testsuite>
    <testsuite name="tests/classic-shield-at-work/classic-enrollment-tab.spec.ts" timestamp="2022-07-07T14:29:54.033Z" hostname="" tests="2" failures="0" skipped="0" time="80.693" errors="0" id="1">
        <testcase name="Member list is displayed on the enrollment page" classname="[webkit] › tests/classic-shield-at-work/classic-enrollment-tab.spec.ts:11:1 › Member list is displayed on the enrollment page" time="52.944">
            <system-out>
 - accountClassicShieldAtWorkPage.navigateToClassicShieldAtWork
 - accountShieldAtWorkPage.loginWithCredentials
 - accountShieldAtWorkPage.assertMemberList
 - accountClassicShieldAtWorkPage.clickViewBtn
 - accountClassicShieldAtWorkPage.clickEnrollmentTab

</system-out>
        </testcase>
        <testcase name="Enrollment form is displayed on the enrollment page" classname="[webkit] › tests/classic-shield-at-work/classic-enrollment-tab.spec.ts:16:1 › Enrollment form is displayed on the enrollment page" time="27.749">
            <system-out>
 - accountClassicShieldAtWorkPage.navigateToClassicShieldAtWork
 - accountShieldAtWorkPage.loginWithCredentials
 - accountShieldAtWorkPage.assertMemberEnrollmentForm
 - accountClassicShieldAtWorkPage.clickViewBtn
 - accountClassicShieldAtWorkPage.clickEnrollmentTab
 - accountClassicShieldAtWorkPage.clickEnrollNewMemberBtn

</system-out>
        </testcase>
        <properties>
            <property name="platformName" value="macOS 12"/>
            <property name="browserName" value="webkit"/>
        </properties>
    </testsuite>
    <testsuite name="tests/classic-shield-at-work/classic-login.spec.ts" timestamp="2022-07-07T14:29:54.033Z" hostname="" tests="2" failures="0" skipped="0" time="12.297" errors="0" id="2">
        <testcase name="Login with credentials" classname="[webkit] › tests/classic-shield-at-work/classic-login.spec.ts:11:1 › Login with credentials" time="6.144">
            <system-out>
 - accountClassicShieldAtWorkPage.navigateToClassicShieldAtWork
 - accountShieldAtWorkPage.loginWithCredentials

</system-out>
        </testcase>
        <testcase name="Type Form Url is displayed after clicking on Sign Up link" classname="[webkit] › tests/classic-shield-at-work/classic-login.spec.ts:15:1 › Type Form Url is displayed after clicking on Sign Up link" time="6.153">
            <system-out>
 - accountClassicShieldAtWorkPage.navigateToClassicShieldAtWork
 - activateEnterCodePage.assertTypeFormPageUrl
 - accountClassicShieldAtWorkPage.clickReports

</system-out>
        </testcase>
        <properties>
            <property name="platformName" value="macOS 12"/>
            <property name="browserName" value="webkit"/>
        </properties>
    </testsuite>
    <testsuite name="tests/classic-shield-at-work/classic-reports-tab.spec.ts" timestamp="2022-07-07T14:29:54.033Z" hostname="" tests="1" failures="0" skipped="0" time="15.555" errors="0" id="3">
        <testcase name="Reports page is displayed, Submit button is enabled" classname="[webkit] › tests/classic-shield-at-work/classic-reports-tab.spec.ts:11:1 › Reports page is displayed, Submit button is enabled" time="15.555">
            <system-out>
 - accountClassicShieldAtWorkPage.navigateToClassicShieldAtWork
 - accountShieldAtWorkPage.loginWithCredentials
 - accountShieldAtWorkPage.assertReportsPage
 - accountClassicShieldAtWorkPage.clickViewBtn
 - accountClassicShieldAtWorkPage.clickReports

</system-out>
        </testcase>
        <properties>
            <property name="platformName" value="macOS 12"/>
            <property name="browserName" value="webkit"/>
        </properties>
    </testsuite>
</testsuites>